2023-02-14 17:58:24.329414 [info] : ========== Server init ==========
2023-02-14 17:58:24.329443 [info] : Port:1316, OpenLinger: false
2023-02-14 17:58:24.329450 [info] : Listen Mode: ET, OpenConn Mode: ET
2023-02-14 17:58:24.329452 [info] : LogSys level: 0
2023-02-14 17:58:24.329454 [info] : srcDir: /home/tang/WebServer/build/resources/
2023-02-14 17:58:24.329456 [info] : SqlConnPool num: 12, ThreadPool num: 6
2023-02-14 17:58:24.329458 [info] : ========== Server start ==========
2023-02-14 17:58:33.785288 [info] : Client[6](127.0.0.1:61076) in, userCount:1
2023-02-14 17:58:33.785473 [info] : Client[6] in!
2023-02-14 17:58:33.785552 [info] : Client[7](127.0.0.1:61588) in, userCount:2
2023-02-14 17:58:33.785589 [info] : Client[7] in!
2023-02-14 17:58:33.788499 [debug]: [GET], [/index.html], [1.1]
2023-02-14 17:58:33.788574 [debug]: /index.html
2023-02-14 17:58:33.788604 [debug]: filesize:0, 1  to 620757246
2023-02-14 17:58:33.788890 [info] : Client[6] quit!
2023-02-14 17:58:33.789111 [info] : Client[6](127.0.0.1:61076) quit, UserCount:1
2023-02-14 17:58:34.034234 [info] : Client[6](127.0.0.1:62100) in, userCount:2
2023-02-14 17:58:34.034400 [info] : Client[6] in!
2023-02-14 17:58:34.039228 [debug]: [GET], [/favicon.ico], [1.1]
2023-02-14 17:58:34.039314 [debug]: /favicon.ico
2023-02-14 17:58:34.039337 [debug]: filesize:0, 1  to 254
2023-02-14 17:59:34.094004 [info] : Client[6] quit!
2023-02-14 17:59:34.094502 [info] : Client[6](127.0.0.1:62100) quit, UserCount:1
2023-02-14 17:59:34.094605 [info] : Client[7] quit!
2023-02-14 18:00:54.500417 [info] : ========== Server init ==========
2023-02-14 18:00:54.500425 [info] : Port:1316, OpenLinger: false
2023-02-14 18:00:54.500428 [info] : Listen Mode: ET, OpenConn Mode: ET
2023-02-14 18:00:54.500430 [info] : LogSys level: 0
2023-02-14 18:00:54.500432 [info] : srcDir: /home/tang/WebServer/build/resources/
2023-02-14 18:00:54.500434 [info] : SqlConnPool num: 12, ThreadPool num: 6
2023-02-14 18:00:54.500436 [info] : ========== Server start ==========
2023-02-14 18:01:07.667878 [info] : Client[6](127.0.0.1:149) in, userCount:1
2023-02-14 18:01:07.667998 [info] : Client[6] in!
2023-02-14 18:01:07.671695 [debug]: [GET], [/index.html], [1.1]
2023-02-14 18:01:07.671824 [debug]: /index.html
2023-02-14 18:01:07.671880 [debug]: filesize:0, 1  to 620757246
2023-02-14 18:01:07.672150 [info] : Client[6] quit!
2023-02-14 18:01:07.672394 [info] : Client[6](127.0.0.1:149) quit, UserCount:0
2023-02-14 18:01:07.932238 [info] : Client[6](127.0.0.1:661) in, userCount:1
2023-02-14 18:01:07.932378 [info] : Client[6] in!
2023-02-14 18:01:08.809659 [info] : Client[7](127.0.0.1:1173) in, userCount:2
2023-02-14 18:01:08.809848 [info] : Client[7] in!
2023-02-14 18:01:13.204537 [debug]: [GET], [/index.html], [1.1]
2023-02-14 18:01:13.204631 [debug]: /index.html
2023-02-14 18:01:13.204654 [debug]: filesize:0, 1  to 620757246
2023-02-14 18:01:13.204858 [info] : Client[6] quit!
2023-02-14 18:01:13.204987 [info] : Client[6](127.0.0.1:661) quit, UserCount:1
2023-02-14 18:01:13.990229 [debug]: [GET], [/index.html], [1.1]
2023-02-14 18:01:13.990324 [debug]: /index.html
2023-02-14 18:01:13.990348 [debug]: filesize:0, 1  to 254
2023-02-14 18:01:14.297245 [info] : Client[6](127.0.0.1:1685) in, userCount:2
2023-02-14 18:01:14.297410 [info] : Client[6] in!
2023-02-14 18:02:14.049274 [info] : Client[7] quit!
2023-02-14 18:02:14.049537 [info] : Client[7](127.0.0.1:1173) quit, UserCount:1
2023-02-14 18:02:14.297180 [info] : Client[6] quit!
2023-02-14 18:04:55.246837 [info] : ========== Server init ==========
2023-02-14 18:04:55.246843 [info] : Port:1316, OpenLinger: false
2023-02-14 18:04:55.246846 [info] : Listen Mode: ET, OpenConn Mode: ET
2023-02-14 18:04:55.246848 [info] : LogSys level: 0
2023-02-14 18:04:55.246850 [info] : srcDir: /home/tang/WebServer/build/resources/
2023-02-14 18:04:55.246852 [info] : SqlConnPool num: 12, ThreadPool num: 6
2023-02-14 18:04:55.246854 [info] : ========== Server start ==========
2023-02-14 18:04:57.425909 [info] : Client[6](127.0.0.1:7829) in, userCount:1
2023-02-14 18:04:57.426031 [info] : Client[6] in!
2023-02-14 18:04:57.426573 [info] : Client[7](127.0.0.1:8341) in, userCount:2
2023-02-14 18:04:57.426710 [info] : Client[7] in!
2023-02-14 18:04:57.428966 [debug]: [GET], [/index.html], [1.1]
2023-02-14 18:04:57.429093 [debug]: /index.html
2023-02-14 18:04:57.429142 [debug]: file path /home/tang/WebServer/build/resources//index.html
2023-02-14 18:04:57.429686 [debug]: filesize:3148, 2  to 3270
2023-02-14 18:04:57.446590 [debug]: [GET], [/css/bootstrap.min.css], [1.1]
2023-02-14 18:04:57.446825 [debug]: /css/bootstrap.min.css
2023-02-14 18:04:57.446925 [debug]: file path /home/tang/WebServer/build/resources//css/bootstrap.min.css
2023-02-14 18:04:57.447631 [debug]: [GET], [/css/animate.css], [1.1]
2023-02-14 18:04:57.447699 [debug]: filesize:121260, 2  to 121384
2023-02-14 18:04:57.447883 [debug]: /css/animate.css
2023-02-14 18:04:57.447934 [debug]: file path /home/tang/WebServer/build/resources//css/animate.css
2023-02-14 18:04:57.448480 [debug]: filesize:72922, 2  to 73045
2023-02-14 18:04:57.455894 [debug]: [GET], [/css/font-awesome.min.css], [1.1]
2023-02-14 18:04:57.456074 [debug]: /css/font-awesome.min.css
2023-02-14 18:04:57.456148 [debug]: file path /home/tang/WebServer/build/resources//css/font-awesome.min.css
2023-02-14 18:04:57.456744 [debug]: [GET], [/css/magnific-popup.css], [1.1]
2023-02-14 18:04:57.456840 [debug]: filesize:27392, 2  to 27515
2023-02-14 18:04:57.456936 [debug]: /css/magnific-popup.css
2023-02-14 18:04:57.456998 [debug]: file path /home/tang/WebServer/build/resources//css/magnific-popup.css
2023-02-14 18:04:57.457360 [debug]: filesize:6951, 2  to 7073
2023-02-14 18:04:57.461675 [debug]: [GET], [/css/style.css], [1.1]
2023-02-14 18:04:57.461831 [debug]: /css/style.css
2023-02-14 18:04:57.461899 [debug]: file path /home/tang/WebServer/build/resources//css/style.css
2023-02-14 18:04:57.462429 [debug]: filesize:9807, 2  to 9929
2023-02-14 18:04:57.462756 [debug]: [GET], [/js/jquery.js], [1.1]
2023-02-14 18:04:57.462886 [debug]: /js/jquery.js
2023-02-14 18:04:57.462992 [debug]: file path /home/tang/WebServer/build/resources//js/jquery.js
2023-02-14 18:04:57.463613 [debug]: filesize:85658, 2  to 85788
2023-02-14 18:04:57.467293 [debug]: [GET], [/js/bootstrap.min.js], [1.1]
2023-02-14 18:04:57.467441 [debug]: /js/bootstrap.min.js
2023-02-14 18:04:57.467503 [debug]: file path /home/tang/WebServer/build/resources//js/bootstrap.min.js
2023-02-14 18:04:57.467922 [debug]: filesize:36868, 2  to 36998
2023-02-14 18:04:57.468591 [debug]: [GET], [/js/smoothscroll.js], [1.1]
2023-02-14 18:04:57.468733 [debug]: /js/smoothscroll.js
2023-02-14 18:04:57.468807 [debug]: file path /home/tang/WebServer/build/resources//js/smoothscroll.js
2023-02-14 18:04:57.469215 [debug]: filesize:4474, 2  to 4603
2023-02-14 18:04:57.472365 [debug]: [GET], [/js/jquery.magnific-popup.min.js], [1.1]
2023-02-14 18:04:57.472528 [debug]: /js/jquery.magnific-popup.min.js
2023-02-14 18:04:57.472598 [debug]: file path /home/tang/WebServer/build/resources//js/jquery.magnific-popup.min.js
2023-02-14 18:04:57.472972 [debug]: filesize:20932, 2  to 21062
2023-02-14 18:04:57.473952 [debug]: [GET], [/js/magnific-popup-options.js], [1.1]
2023-02-14 18:04:57.474123 [debug]: /js/magnific-popup-options.js
2023-02-14 18:04:57.474197 [debug]: file path /home/tang/WebServer/build/resources//js/magnific-popup-options.js
2023-02-14 18:04:57.474561 [debug]: filesize:1069, 2  to 1198
2023-02-14 18:04:57.477454 [debug]: [GET], [/js/wow.min.js], [1.1]
2023-02-14 18:04:57.477700 [debug]: /js/wow.min.js
2023-02-14 18:04:57.477809 [debug]: file path /home/tang/WebServer/build/resources//js/wow.min.js
2023-02-14 18:04:57.478277 [debug]: filesize:7082, 2  to 7211
2023-02-14 18:04:57.479410 [debug]: [GET], [/js/custom.js], [1.1]
2023-02-14 18:04:57.479613 [debug]: /js/custom.js
2023-02-14 18:04:57.479706 [debug]: file path /home/tang/WebServer/build/resources//js/custom.js
2023-02-14 18:04:57.480122 [debug]: filesize:1047, 2  to 1176
2023-02-14 18:04:57.482691 [debug]: [GET], [/images/profile-image.jpg], [1.1]
2023-02-14 18:04:57.482873 [debug]: /images/profile-image.jpg
2023-02-14 18:04:57.482997 [debug]: file path /home/tang/WebServer/build/resources//images/profile-image.jpg
2023-02-14 18:04:57.483531 [debug]: filesize:47176, 2  to 47300
2023-02-14 18:04:57.693168 [info] : Client[8](127.0.0.1:8853) in, userCount:3
2023-02-14 18:04:57.693266 [info] : Client[8] in!
2023-02-14 18:04:57.756688 [info] : Client[9](127.0.0.1:9365) in, userCount:4
2023-02-14 18:04:57.756828 [info] : Client[9] in!
2023-02-14 18:04:57.757220 [info] : Client[10](127.0.0.1:9877) in, userCount:5
2023-02-14 18:04:57.757401 [info] : Client[10] in!
2023-02-14 18:04:57.757460 [info] : Client[11](127.0.0.1:10389) in, userCount:6
