2023-02-14 12:58:11.416229 [info] : ========== Server init ==========
2023-02-14 12:58:11.416255 [info] : Port: 1316,OpenLinger: false
2023-02-14 12:58:11.416261 [info] : Listen Mode: ET,OpenConn Mode:ET
2023-02-14 12:58:11.416414 [info] : LogSys level: 0
2023-02-14 12:58:11.416705 [info] : srcDir: /home/tang/WebServer/resources
2023-02-14 12:58:11.416841 [info] : SqlConnPool num: 12, ThreadPool num: 6
2023-02-14 13:11:30.241397 [info] : ========== Server init ==========
2023-02-14 13:11:30.241423 [info] : Port: 1316,OpenLinger: false
2023-02-14 13:11:30.241429 [info] : Listen Mode: ET,OpenConn Mode:ET
2023-02-14 13:11:30.241431 [info] : LogSys level: 0
2023-02-14 13:11:30.241433 [info] : srcDir: /home/tang/WebServer/resources
2023-02-14 13:11:30.241512 [info] : SqlConnPool num: 12, ThreadPool num: 6
2023-02-14 13:16:32.003739 [info] : ========== Server init ==========
2023-02-14 13:16:32.003770 [info] : Port:1316, OpenLinger: false
2023-02-14 13:16:32.003776 [info] : Listen Mode: ET, OpenConn Mode: ET
2023-02-14 13:16:32.003778 [info] : LogSys level: 0
2023-02-14 13:16:32.003779 [info] : srcDir: /home/tang/WebServer/resources/
2023-02-14 13:16:32.003781 [info] : SqlConnPool num: 12, ThreadPool num: 6
2023-02-14 13:16:32.003783 [info] : ========== Server start ==========
2023-02-14 13:18:03.048980 [info] : ========== Server init ==========
2023-02-14 13:18:03.049010 [info] : Port:1316, OpenLinger: false
2023-02-14 13:18:03.049016 [info] : Listen Mode: ET, OpenConn Mode: ET
2023-02-14 13:18:03.049018 [info] : LogSys level: 0
2023-02-14 13:18:03.049019 [info] : srcDir: /home/tang/WebServer/resources/
2023-02-14 13:18:03.049107 [info] : SqlConnPool num: 12, ThreadPool num: 6
2023-02-14 13:18:03.049115 [info] : ========== Server start ==========
2023-02-14 13:18:05.345610 [info] : Client[6](127.0.0.1:29859) in, userCount:1
2023-02-14 13:18:05.345796 [info] : Client[6] in!
2023-02-14 13:18:05.346204 [info] : Client[7](127.0.0.1:30371) in, userCount:2
2023-02-14 13:18:05.346428 [info] : Client[7] in!
2023-02-14 13:18:05.347089 [debug]: [GET], [/index.html], [1.1]
2023-02-14 13:18:05.347291 [debug]: /index.html
2023-02-14 13:18:05.347453 [debug]: file path /home/tang/WebServer/resources//index.html
2023-02-14 13:18:05.347680 [debug]: filesize:3148, 2  to 3270
2023-02-14 13:18:05.371694 [debug]: [GET], [/css/bootstrap.min.css], [1.1]
2023-02-14 13:18:05.371915 [debug]: [GET], [/css/animate.css], [1.1]
2023-02-14 13:18:05.371926 [debug]: /css/bootstrap.min.css
2023-02-14 13:18:05.372134 [debug]: file path /home/tang/WebServer/resources//css/bootstrap.min.css
2023-02-14 13:18:05.372275 [debug]: /css/animate.css
2023-02-14 13:18:05.372386 [debug]: file path /home/tang/WebServer/resources//css/animate.css
2023-02-14 13:18:05.372455 [debug]: filesize:121260, 2  to 121384
2023-02-14 13:18:05.372601 [debug]: filesize:72922, 2  to 73045
2023-02-14 13:18:05.376500 [debug]: [GET], [/css/magnific-popup.css], [1.1]
2023-02-14 13:18:05.376741 [debug]: /css/magnific-popup.css
2023-02-14 13:18:05.376825 [debug]: [GET], [/css/font-awesome.min.css], [1.1]
2023-02-14 13:18:05.376910 [debug]: file path /home/tang/WebServer/resources//css/magnific-popup.css
2023-02-14 13:18:05.377083 [debug]: /css/font-awesome.min.css
2023-02-14 13:18:05.377189 [debug]: filesize:6951, 2  to 7073
2023-02-14 13:18:05.377256 [debug]: file path /home/tang/WebServer/resources//css/font-awesome.min.css
2023-02-14 13:18:05.377479 [debug]: filesize:27392, 2  to 27515
2023-02-14 13:18:05.386457 [debug]: [GET], [/css/style.css], [1.1]
2023-02-14 13:18:05.386754 [debug]: /css/style.css
2023-02-14 13:18:05.386915 [debug]: file path /home/tang/WebServer/resources//css/style.css
2023-02-14 13:18:05.387112 [debug]: filesize:9807, 2  to 9929
2023-02-14 13:18:05.388082 [debug]: [GET], [/js/jquery.js], [1.1]
2023-02-14 13:18:05.388341 [debug]: /js/jquery.js
2023-02-14 13:18:05.388497 [debug]: file path /home/tang/WebServer/resources//js/jquery.js
2023-02-14 13:18:05.388956 [debug]: filesize:85658, 2  to 85788
2023-02-14 13:18:05.390677 [debug]: [GET], [/js/bootstrap.min.js], [1.1]
2023-02-14 13:18:05.390958 [debug]: /js/bootstrap.min.js
2023-02-14 13:18:05.391135 [debug]: file path /home/tang/WebServer/resources//js/bootstrap.min.js
2023-02-14 13:18:05.391460 [debug]: filesize:36868, 2  to 36998
2023-02-14 13:18:05.393213 [debug]: [GET], [/js/jquery.magnific-popup.min.js], [1.1]
2023-02-14 13:18:05.393468 [debug]: /js/jquery.magnific-popup.min.js
2023-02-14 13:18:05.393570 [debug]: file path /home/tang/WebServer/resources//js/jquery.magnific-popup.min.js
2023-02-14 13:18:05.393744 [debug]: filesize:20932, 2  to 21062
2023-02-14 13:18:05.396453 [debug]: [GET], [/js/magnific-popup-options.js], [1.1]
2023-02-14 13:18:05.396752 [debug]: /js/magnific-popup-options.js
2023-02-14 13:18:05.396856 [debug]: file path /home/tang/WebServer/resources//js/magnific-popup-options.js
2023-02-14 13:18:05.397363 [debug]: filesize:1069, 2  to 1198
2023-02-14 13:18:05.401728 [debug]: [GET], [/js/wow.min.js], [1.1]
2023-02-14 13:18:05.401737 [debug]: [GET], [/js/smoothscroll.js], [1.1]
2023-02-14 13:18:05.402151 [debug]: /js/wow.min.js
2023-02-14 13:18:05.402206 [debug]: /js/smoothscroll.js
2023-02-14 13:18:05.402253 [debug]: file path /home/tang/WebServer/resources//js/wow.min.js
2023-02-14 13:18:05.402323 [debug]: file path /home/tang/WebServer/resources//js/smoothscroll.js
2023-02-14 13:18:05.402465 [debug]: filesize:7082, 2  to 7211
2023-02-14 13:18:05.402474 [debug]: filesize:4474, 2  to 4603
2023-02-14 13:18:05.405952 [debug]: [GET], [/js/custom.js], [1.1]
2023-02-14 13:18:05.406027 [debug]: [GET], [/images/profile-image.jpg], [1.1]
2023-02-14 13:18:05.406192 [debug]: /js/custom.js
2023-02-14 13:18:05.406225 [debug]: /images/profile-image.jpg
2023-02-14 13:18:05.406286 [debug]: file path /home/tang/WebServer/resources//js/custom.js
2023-02-14 13:18:05.406319 [debug]: file path /home/tang/WebServer/resources//images/profile-image.jpg
2023-02-14 13:18:05.406422 [debug]: filesize:1047, 2  to 1176
2023-02-14 13:18:05.406593 [debug]: filesize:47176, 2  to 47300
2023-02-14 13:18:05.600316 [info] : Client[8](127.0.0.1:30883) in, userCount:3
2023-02-14 13:18:05.600480 [info] : Client[8] in!
2023-02-14 13:18:05.678544 [info] : Client[9](127.0.0.1:31395) in, userCount:4
2023-02-14 13:18:05.678685 [info] : Client[9] in!
2023-02-14 13:18:05.678780 [debug]: [GET], [/images/favicon.ico], [1.1]
2023-02-14 13:18:05.678905 [debug]: /images/favicon.ico
2023-02-14 13:18:05.679030 [debug]: file path /home/tang/WebServer/resources//images/favicon.ico
2023-02-14 13:18:05.679156 [info] : Client[11](127.0.0.1:31907) in, userCount:5
2023-02-14 13:18:05.679201 [debug]: filesize:60990, 2  to 61114
2023-02-14 13:18:05.679392 [info] : Client[11] in!
2023-02-14 13:18:05.707300 [info] : Client[10](127.0.0.1:32419) in, userCount:6
2023-02-14 13:23:43.434371 [info] : ========== Server init ==========
2023-02-14 13:23:43.434405 [info] : Port:1316, OpenLinger: false
2023-02-14 13:23:43.434411 [info] : Listen Mode: ET, OpenConn Mode: ET
2023-02-14 13:23:43.434412 [info] : LogSys level: 0
2023-02-14 13:23:43.434414 [info] : srcDir: /home/tang/WebServer/resources/
2023-02-14 13:23:43.434415 [info] : SqlConnPool num: 12, ThreadPool num: 6
2023-02-14 13:23:43.434418 [info] : ========== Server start ==========
2023-02-14 13:23:45.503232 [info] : Client[6](127.0.0.1:43171) in, userCount:1
2023-02-14 13:23:45.503451 [info] : Client[6] in!
2023-02-14 13:23:45.503552 [info] : Client[7](127.0.0.1:43683) in, userCount:2
2023-02-14 13:23:45.503585 [info] : Client[7] in!
2023-02-14 13:23:45.504393 [debug]: [GET], [/index.html], [1.1]
2023-02-14 13:23:45.504523 [debug]: /index.html
2023-02-14 13:23:45.504605 [debug]: file path /home/tang/WebServer/resources//index.html
2023-02-14 13:23:45.504670 [debug]: filesize:3148, 2  to 3270
2023-02-14 13:23:45.527212 [debug]: [GET], [/css/bootstrap.min.css], [1.1]
2023-02-14 13:23:45.527384 [debug]: /css/bootstrap.min.css
2023-02-14 13:23:45.527457 [debug]: file path /home/tang/WebServer/resources//css/bootstrap.min.css
2023-02-14 13:23:45.527516 [debug]: filesize:121260, 2  to 121384
2023-02-14 13:23:45.527674 [debug]: [GET], [/css/animate.css], [1.1]
2023-02-14 13:23:45.527931 [debug]: /css/animate.css
2023-02-14 13:23:45.528138 [debug]: file path /home/tang/WebServer/resources//css/animate.css
2023-02-14 13:23:45.528240 [debug]: filesize:72922, 2  to 73045
2023-02-14 13:23:45.533166 [debug]: [GET], [/css/magnific-popup.css], [1.1]
2023-02-14 13:23:45.533603 [debug]: /css/magnific-popup.css
2023-02-14 13:23:45.533894 [debug]: file path /home/tang/WebServer/resources//css/magnific-popup.css
2023-02-14 13:23:45.534043 [debug]: filesize:6951, 2  to 7073
2023-02-14 13:23:45.535176 [debug]: [GET], [/css/font-awesome.min.css], [1.1]
2023-02-14 13:23:45.535451 [debug]: /css/font-awesome.min.css
2023-02-14 13:23:45.535645 [debug]: file path /home/tang/WebServer/resources//css/font-awesome.min.css
2023-02-14 13:23:45.535754 [debug]: filesize:27392, 2  to 27515
2023-02-14 13:23:45.542170 [debug]: [GET], [/css/style.css], [1.1]
2023-02-14 13:23:45.542378 [debug]: /css/style.css
2023-02-14 13:23:45.542532 [debug]: file path /home/tang/WebServer/resources//css/style.css
2023-02-14 13:23:45.542648 [debug]: filesize:9807, 2  to 9929
2023-02-14 13:23:45.543673 [debug]: [GET], [/js/jquery.js], [1.1]
2023-02-14 13:23:45.543923 [debug]: /js/jquery.js
2023-02-14 13:23:45.544072 [debug]: file path /home/tang/WebServer/resources//js/jquery.js
2023-02-14 13:23:45.544150 [debug]: filesize:85658, 2  to 85788
2023-02-14 13:23:45.545536 [debug]: [GET], [/js/bootstrap.min.js], [1.1]
2023-02-14 13:23:45.545740 [debug]: /js/bootstrap.min.js
2023-02-14 13:23:45.545884 [debug]: file path /home/tang/WebServer/resources//js/bootstrap.min.js
2023-02-14 13:23:45.546008 [debug]: filesize:36868, 2  to 36998
2023-02-14 13:23:45.547853 [debug]: [GET], [/js/smoothscroll.js], [1.1]
2023-02-14 13:23:45.548063 [debug]: /js/smoothscroll.js
2023-02-14 13:23:45.548162 [debug]: file path /home/tang/WebServer/resources//js/smoothscroll.js
2023-02-14 13:23:45.548302 [debug]: filesize:4474, 2  to 4603
2023-02-14 13:23:45.549833 [debug]: [GET], [/js/jquery.magnific-popup.min.js], [1.1]
2023-02-14 13:23:45.550034 [debug]: /js/jquery.magnific-popup.min.js
2023-02-14 13:23:45.550139 [debug]: file path /home/tang/WebServer/resources//js/jquery.magnific-popup.min.js
2023-02-14 13:23:45.550290 [debug]: filesize:20932, 2  to 21062
2023-02-14 13:23:45.551709 [debug]: [GET], [/js/magnific-popup-options.js], [1.1]
2023-02-14 13:23:45.551909 [debug]: /js/magnific-popup-options.js
2023-02-14 13:23:45.552004 [debug]: file path /home/tang/WebServer/resources//js/magnific-popup-options.js
2023-02-14 13:23:45.552158 [debug]: filesize:1069, 2  to 1198
2023-02-14 13:23:45.553176 [debug]: [GET], [/js/wow.min.js], [1.1]
2023-02-14 13:23:45.553361 [debug]: /js/wow.min.js
2023-02-14 13:23:45.553439 [debug]: file path /home/tang/WebServer/resources//js/wow.min.js
2023-02-14 13:23:45.553555 [debug]: filesize:7082, 2  to 7211
2023-02-14 13:23:45.555012 [debug]: [GET], [/js/custom.js], [1.1]
2023-02-14 13:23:45.555181 [debug]: /js/custom.js
2023-02-14 13:23:45.555257 [debug]: file path /home/tang/WebServer/resources//js/custom.js
2023-02-14 13:23:45.555334 [debug]: filesize:1047, 2  to 1176
2023-02-14 13:23:45.556037 [debug]: [GET], [/images/profile-image.jpg], [1.1]
2023-02-14 13:23:45.556179 [debug]: /images/profile-image.jpg
2023-02-14 13:23:45.556244 [debug]: file path /home/tang/WebServer/resources//images/profile-image.jpg
2023-02-14 13:23:45.556308 [debug]: filesize:47176, 2  to 47300
2023-02-14 13:23:45.763024 [info] : Client[8](127.0.0.1:44195) in, userCount:3
2023-02-14 13:23:45.763121 [info] : Client[8] in!
2023-02-14 13:23:45.813572 [debug]: [GET], [/images/favicon.ico], [1.1]
2023-02-14 13:23:45.813676 [debug]: /images/favicon.ico
2023-02-14 13:23:45.813739 [debug]: file path /home/tang/WebServer/resources//images/favicon.ico
2023-02-14 13:23:45.813820 [debug]: filesize:60990, 2  to 61114
2023-02-14 13:23:45.835500 [info] : Client[9](127.0.0.1:45219) in, userCount:4
2023-02-14 13:23:45.835658 [info] : Client[9] in!
2023-02-14 13:23:45.835708 [info] : Client[10](127.0.0.1:44707) in, userCount:5
2023-02-14 13:23:45.835820 [info] : Client[10] in!
2023-02-14 13:23:45.852353 [info] : Client[11](127.0.0.1:45731) in, userCount:6
